<?xml version="1.0" encoding="UTF-8"?>
<!-- Generated by org.testng.reporters.JUnitXMLReporter -->
<testsuite hostname="DESKTOP-F2TV2NG" ignored="0" tests="2" failures="2" timestamp="02 Feb 2021 13:30:42 GMT" time="9.761" errors="0">
  <testcase name="ChromeTest" time="2.385" classname="TestFile">
    <failure type="org.openqa.selenium.SessionNotCreatedException" message="session not created: This version of ChromeDriver only supports Chrome version 84
Build info: version: &amp;apos;3.141.59&amp;apos;, revision: &amp;apos;e82be7d358&amp;apos;, time: &amp;apos;2018-11-14T08:25:48&amp;apos;
System info: host: &amp;apos;DESKTOP-F2TV2NG&amp;apos;, ip: &amp;apos;192.168.1.15&amp;apos;, os.name: &amp;apos;Windows 10&amp;apos;, os.arch: &amp;apos;amd64&amp;apos;, os.version: &amp;apos;10.0&amp;apos;, java.version: &amp;apos;1.8.0_202&amp;apos;
Driver info: driver.version: ChromeDriver
remote stacktrace: Backtrace:
	Ordinal0 [0x00F487E3+2852835]
	Ordinal0 [0x00E35BB1+1727409]
	Ordinal0 [0x00D0E4B9+517305]
	Ordinal0 [0x00CA0BA0+68512]
	Ordinal0 [0x00C9D3A0+54176]
	Ordinal0 [0x00CBD9F7+186871]
	Ordinal0 [0x00CBD7FD+186365]
	Ordinal0 [0x00CBB70B+177931]
	Ordinal0 [0x00CA2584+75140]
	Ordinal0 [0x00CA3650+79440]
	Ordinal0 [0x00CA35E9+79337]
	Ordinal0 [0x00E4AD5C+1813852]
	GetHandleVerifier [0x0106C616+1075574]
	GetHandleVerifier [0x0106C367+1074887]
	GetHandleVerifier [0x01077497+1120247]
	GetHandleVerifier [0x0106CC16+1077110]
	Ordinal0 [0x00E43206+1782278]
	Ordinal0 [0x00E4C3BB+1819579]
	Ordinal0 [0x00E4C523+1819939]
	Ordinal0 [0x00E62B45+1911621]
	BaseThreadInitThunk [0x76D6FA29+25]
	RtlGetAppContainerNamedObjectPath [0x77BC75F4+228]
	RtlGetAppContainerNamedObjectPath [0x77BC75C4+180]
">
      <![CDATA[org.openqa.selenium.SessionNotCreatedException: session not created: This version of ChromeDriver only supports Chrome version 84
Build info: version: '3.141.59', revision: 'e82be7d358', time: '2018-11-14T08:25:48'
System info: host: 'DESKTOP-F2TV2NG', ip: '192.168.1.15', os.name: 'Windows 10', os.arch: 'amd64', os.version: '10.0', java.version: '1.8.0_202'
Driver info: driver.version: ChromeDriver
remote stacktrace: Backtrace:
Ordinal0 [0x00F487E3+2852835]
Ordinal0 [0x00E35BB1+1727409]
Ordinal0 [0x00D0E4B9+517305]
Ordinal0 [0x00CA0BA0+68512]
Ordinal0 [0x00C9D3A0+54176]
Ordinal0 [0x00CBD9F7+186871]
Ordinal0 [0x00CBD7FD+186365]
Ordinal0 [0x00CBB70B+177931]
Ordinal0 [0x00CA2584+75140]
Ordinal0 [0x00CA3650+79440]
Ordinal0 [0x00CA35E9+79337]
Ordinal0 [0x00E4AD5C+1813852]
GetHandleVerifier [0x0106C616+1075574]
GetHandleVerifier [0x0106C367+1074887]
GetHandleVerifier [0x01077497+1120247]
GetHandleVerifier [0x0106CC16+1077110]
Ordinal0 [0x00E43206+1782278]
Ordinal0 [0x00E4C3BB+1819579]
Ordinal0 [0x00E4C523+1819939]
Ordinal0 [0x00E62B45+1911621]
BaseThreadInitThunk [0x76D6FA29+25]
RtlGetAppContainerNamedObjectPath [0x77BC75F4+228]
RtlGetAppContainerNamedObjectPath [0x77BC75C4+180]

at org.openqa.selenium.remote.W3CHandshakeResponse.lambda$errorHandler$0(W3CHandshakeResponse.java:62)
at org.openqa.selenium.remote.HandshakeResponse.lambda$getResponseFunction$0(HandshakeResponse.java:30)
at org.openqa.selenium.remote.ProtocolHandshake.lambda$createSession$0(ProtocolHandshake.java:126)
at java.util.stream.ReferencePipeline$3$1.accept(Unknown Source)
at java.util.Spliterators$ArraySpliterator.tryAdvance(Unknown Source)
at java.util.stream.ReferencePipeline.forEachWithCancel(Unknown Source)
at java.util.stream.AbstractPipeline.copyIntoWithCancel(Unknown Source)
at java.util.stream.AbstractPipeline.copyInto(Unknown Source)
at java.util.stream.AbstractPipeline.wrapAndCopyInto(Unknown Source)
at java.util.stream.FindOps$FindOp.evaluateSequential(Unknown Source)
at java.util.stream.AbstractPipeline.evaluate(Unknown Source)
at java.util.stream.ReferencePipeline.findFirst(Unknown Source)
at org.openqa.selenium.remote.ProtocolHandshake.createSession(ProtocolHandshake.java:128)
at org.openqa.selenium.remote.ProtocolHandshake.createSession(ProtocolHandshake.java:74)
at org.openqa.selenium.remote.HttpCommandExecutor.execute(HttpCommandExecutor.java:136)
at org.openqa.selenium.remote.service.DriverCommandExecutor.execute(DriverCommandExecutor.java:83)
at org.openqa.selenium.remote.RemoteWebDriver.execute(RemoteWebDriver.java:552)
at org.openqa.selenium.remote.RemoteWebDriver.startSession(RemoteWebDriver.java:213)
at org.openqa.selenium.remote.RemoteWebDriver.<init>(RemoteWebDriver.java:131)
at org.openqa.selenium.chrome.ChromeDriver.<init>(ChromeDriver.java:181)
at org.openqa.selenium.chrome.ChromeDriver.<init>(ChromeDriver.java:168)
at org.openqa.selenium.chrome.ChromeDriver.<init>(ChromeDriver.java:123)
at TestFile.ChromeTest(TestFile.java:17)
... Removed 29 stack frames]]>
    </failure>
  </testcase> <!-- ChromeTest -->
  <testcase name="FirefoxTest" time="7.333" classname="TestFile">
    <failure type="org.openqa.selenium.WebDriverException" message="Access is denied. (os error 5)
Build info: version: &amp;apos;3.141.59&amp;apos;, revision: &amp;apos;e82be7d358&amp;apos;, time: &amp;apos;2018-11-14T08:25:48&amp;apos;
System info: host: &amp;apos;DESKTOP-F2TV2NG&amp;apos;, ip: &amp;apos;192.168.1.15&amp;apos;, os.name: &amp;apos;Windows 10&amp;apos;, os.arch: &amp;apos;amd64&amp;apos;, os.version: &amp;apos;10.0&amp;apos;, java.version: &amp;apos;1.8.0_202&amp;apos;
Driver info: driver.version: FirefoxDriver
remote stacktrace: ">
      <![CDATA[org.openqa.selenium.WebDriverException: Access is denied. (os error 5)
Build info: version: '3.141.59', revision: 'e82be7d358', time: '2018-11-14T08:25:48'
System info: host: 'DESKTOP-F2TV2NG', ip: '192.168.1.15', os.name: 'Windows 10', os.arch: 'amd64', os.version: '10.0', java.version: '1.8.0_202'
Driver info: driver.version: FirefoxDriver
remote stacktrace: 
at org.openqa.selenium.remote.W3CHandshakeResponse.lambda$errorHandler$0(W3CHandshakeResponse.java:62)
at org.openqa.selenium.remote.HandshakeResponse.lambda$getResponseFunction$0(HandshakeResponse.java:30)
at org.openqa.selenium.remote.ProtocolHandshake.lambda$createSession$0(ProtocolHandshake.java:126)
at java.util.stream.ReferencePipeline$3$1.accept(Unknown Source)
at java.util.Spliterators$ArraySpliterator.tryAdvance(Unknown Source)
at java.util.stream.ReferencePipeline.forEachWithCancel(Unknown Source)
at java.util.stream.AbstractPipeline.copyIntoWithCancel(Unknown Source)
at java.util.stream.AbstractPipeline.copyInto(Unknown Source)
at java.util.stream.AbstractPipeline.wrapAndCopyInto(Unknown Source)
at java.util.stream.FindOps$FindOp.evaluateSequential(Unknown Source)
at java.util.stream.AbstractPipeline.evaluate(Unknown Source)
at java.util.stream.ReferencePipeline.findFirst(Unknown Source)
at org.openqa.selenium.remote.ProtocolHandshake.createSession(ProtocolHandshake.java:128)
at org.openqa.selenium.remote.ProtocolHandshake.createSession(ProtocolHandshake.java:74)
at org.openqa.selenium.remote.HttpCommandExecutor.execute(HttpCommandExecutor.java:136)
at org.openqa.selenium.remote.service.DriverCommandExecutor.execute(DriverCommandExecutor.java:83)
at org.openqa.selenium.remote.RemoteWebDriver.execute(RemoteWebDriver.java:552)
at org.openqa.selenium.remote.RemoteWebDriver.startSession(RemoteWebDriver.java:213)
at org.openqa.selenium.remote.RemoteWebDriver.<init>(RemoteWebDriver.java:131)
at org.openqa.selenium.firefox.FirefoxDriver.<init>(FirefoxDriver.java:147)
at org.openqa.selenium.firefox.FirefoxDriver.<init>(FirefoxDriver.java:125)
at TestFile.FirefoxTest(TestFile.java:29)
... Removed 29 stack frames]]>
    </failure>
  </testcase> <!-- FirefoxTest -->
</testsuite>
